2024-04-04 11:48:06,595 [Worker-2: Loading available Gradle versions] INFO  o.e.b.c.i.u.g.PublishedGradleVersions - Gradle version information cache is not available. Remote download required.
2024-04-04 17:37:02,055 [Start Help Server] INFO  org.eclipse.jetty.server.Server - jetty-10.0.6; built: 2021-06-29T15:28:56.259Z; git: 37e7731b4b142a882d73974ff3bec78d621bd674; jvm 17.0.2+8
2024-04-04 17:37:02,072 [Start Help Server] INFO  o.e.j.s.s.DefaultSessionIdManager - Session workerName=node0
2024-04-04 17:37:02,085 [Start Help Server] INFO  o.e.j.server.handler.ContextHandler - Started o.e.j.s.ServletContextHandler@4ef3312d{/help,null,AVAILABLE}
2024-04-04 17:37:02,097 [Start Help Server] INFO  o.e.jetty.server.AbstractConnector - Started ServerConnector@6bca4009{HTTP/1.1, (http/1.1)}{127.0.0.1:56639}
2024-04-04 17:37:02,098 [Start Help Server] INFO  org.eclipse.jetty.server.Server - Started Server@678b3a09{STARTING}[10.0.6,sto=0] @21039584ms
2024-04-04 17:48:29,207 [Stop Help Server] INFO  org.eclipse.jetty.server.Server - Stopped Server@678b3a09{STOPPING}[10.0.6,sto=0]
2024-04-04 17:48:29,210 [Stop Help Server] INFO  o.e.jetty.server.AbstractConnector - Stopped ServerConnector@6bca4009{HTTP/1.1, (http/1.1)}{127.0.0.1:0}
2024-04-04 17:48:29,216 [Stop Help Server] INFO  o.e.j.server.handler.ContextHandler - Stopped o.e.j.s.ServletContextHandler@4ef3312d{/help,null,STOPPED}
2024-04-05 08:43:32,682 [Worker-2: Loading available Gradle versions] INFO  o.e.b.c.i.u.g.PublishedGradleVersions - Gradle version information cache is up-to-date. Trying to read.
2024-04-05 14:45:35,640 [Start Help Server] INFO  org.eclipse.jetty.server.Server - jetty-10.0.6; built: 2021-06-29T15:28:56.259Z; git: 37e7731b4b142a882d73974ff3bec78d621bd674; jvm 17.0.2+8
2024-04-05 14:45:35,702 [Start Help Server] INFO  o.e.j.s.s.DefaultSessionIdManager - Session workerName=node0
2024-04-05 14:45:35,719 [Start Help Server] INFO  o.e.j.server.handler.ContextHandler - Started o.e.j.s.ServletContextHandler@17407619{/help,null,AVAILABLE}
2024-04-05 14:45:35,736 [Start Help Server] INFO  o.e.jetty.server.AbstractConnector - Started ServerConnector@1a4fbaa4{HTTP/1.1, (http/1.1)}{127.0.0.1:59709}
2024-04-05 14:45:35,737 [Start Help Server] INFO  org.eclipse.jetty.server.Server - Started Server@7e6549f1{STARTING}[10.0.6,sto=0] @21736507ms
2024-04-05 17:51:04,283 [Stop Help Server] INFO  org.eclipse.jetty.server.Server - Stopped Server@7e6549f1{STOPPING}[10.0.6,sto=0]
2024-04-05 17:51:04,286 [Stop Help Server] INFO  o.e.jetty.server.AbstractConnector - Stopped ServerConnector@1a4fbaa4{HTTP/1.1, (http/1.1)}{127.0.0.1:0}
2024-04-05 17:51:04,291 [Stop Help Server] INFO  o.e.j.server.handler.ContextHandler - Stopped o.e.j.s.ServletContextHandler@17407619{/help,null,STOPPED}
2024-04-08 08:38:53,180 [Worker-2: Loading available Gradle versions] INFO  o.e.b.c.i.u.g.PublishedGradleVersions - Gradle version information cache is out-of-date. Trying to update.
2024-04-08 09:00:20,514 [Start Help Server] INFO  org.eclipse.jetty.server.Server - jetty-10.0.6; built: 2021-06-29T15:28:56.259Z; git: 37e7731b4b142a882d73974ff3bec78d621bd674; jvm 17.0.2+8
2024-04-08 09:00:20,567 [Start Help Server] INFO  o.e.j.s.s.DefaultSessionIdManager - Session workerName=node0
2024-04-08 09:00:20,584 [Start Help Server] INFO  o.e.j.server.handler.ContextHandler - Started o.e.j.s.ServletContextHandler@46c4e0af{/help,null,AVAILABLE}
2024-04-08 09:00:20,597 [Start Help Server] INFO  o.e.jetty.server.AbstractConnector - Started ServerConnector@53d75110{HTTP/1.1, (http/1.1)}{127.0.0.1:60922}
2024-04-08 09:00:20,598 [Start Help Server] INFO  org.eclipse.jetty.server.Server - Started Server@6bf91a1f{STARTING}[10.0.6,sto=0] @1351627ms
2024-04-08 17:49:38,636 [Stop Help Server] INFO  org.eclipse.jetty.server.Server - Stopped Server@6bf91a1f{STOPPING}[10.0.6,sto=0]
2024-04-08 17:49:38,640 [Stop Help Server] INFO  o.e.jetty.server.AbstractConnector - Stopped ServerConnector@53d75110{HTTP/1.1, (http/1.1)}{127.0.0.1:0}
2024-04-08 17:49:38,645 [Stop Help Server] INFO  o.e.j.server.handler.ContextHandler - Stopped o.e.j.s.ServletContextHandler@46c4e0af{/help,null,STOPPED}
2024-04-09 08:50:03,912 [Worker-1: Loading available Gradle versions] INFO  o.e.b.c.i.u.g.PublishedGradleVersions - Gradle version information cache is out-of-date. Trying to update.
2024-04-09 15:46:09,640 [Start Help Server] INFO  org.eclipse.jetty.server.Server - jetty-10.0.6; built: 2021-06-29T15:28:56.259Z; git: 37e7731b4b142a882d73974ff3bec78d621bd674; jvm 17.0.2+8
2024-04-09 15:46:09,700 [Start Help Server] INFO  o.e.j.s.s.DefaultSessionIdManager - Session workerName=node0
2024-04-09 15:46:09,717 [Start Help Server] INFO  o.e.j.server.handler.ContextHandler - Started o.e.j.s.ServletContextHandler@3c14ad69{/help,null,AVAILABLE}
2024-04-09 15:46:09,731 [Start Help Server] INFO  o.e.jetty.server.AbstractConnector - Started ServerConnector@75ca366{HTTP/1.1, (http/1.1)}{127.0.0.1:51878}
2024-04-09 15:46:09,732 [Start Help Server] INFO  org.eclipse.jetty.server.Server - Started Server@5f683007{STARTING}[10.0.6,sto=0] @24981364ms
2024-04-09 17:50:05,389 [Stop Help Server] INFO  org.eclipse.jetty.server.Server - Stopped Server@5f683007{STOPPING}[10.0.6,sto=0]
2024-04-09 17:50:05,392 [Stop Help Server] INFO  o.e.jetty.server.AbstractConnector - Stopped ServerConnector@75ca366{HTTP/1.1, (http/1.1)}{127.0.0.1:0}
2024-04-09 17:50:05,396 [Stop Help Server] INFO  o.e.j.server.handler.ContextHandler - Stopped o.e.j.s.ServletContextHandler@3c14ad69{/help,null,STOPPED}
2024-04-11 08:42:16,192 [Worker-7: Loading available Gradle versions] INFO  o.e.b.c.i.u.g.PublishedGradleVersions - Gradle version information cache is out-of-date. Trying to update.
2024-04-12 08:38:34,020 [Worker-4: Loading available Gradle versions] INFO  o.e.b.c.i.u.g.PublishedGradleVersions - Gradle version information cache is up-to-date. Trying to read.
2024-04-15 09:03:56,118 [Worker-4: Loading available Gradle versions] INFO  o.e.b.c.i.u.g.PublishedGradleVersions - Gradle version information cache is out-of-date. Trying to update.
2024-04-16 09:05:10,362 [Worker-2: Loading available Gradle versions] INFO  o.e.b.c.i.u.g.PublishedGradleVersions - Gradle version information cache is out-of-date. Trying to update.
2024-04-17 08:50:33,010 [Worker-0: Loading available Gradle versions] INFO  o.e.b.c.i.u.g.PublishedGradleVersions - Gradle version information cache is up-to-date. Trying to read.
2024-04-17 16:34:34,700 [Start Help Server] INFO  org.eclipse.jetty.server.Server - jetty-10.0.6; built: 2021-06-29T15:28:56.259Z; git: 37e7731b4b142a882d73974ff3bec78d621bd674; jvm 17.0.2+8
2024-04-17 16:34:34,760 [Start Help Server] INFO  o.e.j.s.s.DefaultSessionIdManager - Session workerName=node0
2024-04-17 16:34:34,778 [Start Help Server] INFO  o.e.j.server.handler.ContextHandler - Started o.e.j.s.ServletContextHandler@34929152{/help,null,AVAILABLE}
2024-04-17 16:34:34,791 [Start Help Server] INFO  o.e.jetty.server.AbstractConnector - Started ServerConnector@55dcd594{HTTP/1.1, (http/1.1)}{127.0.0.1:57098}
2024-04-17 16:34:34,792 [Start Help Server] INFO  org.eclipse.jetty.server.Server - Started Server@4655c1a5{STARTING}[10.0.6,sto=0] @27871948ms
2024-04-17 17:50:29,894 [Stop Help Server] INFO  org.eclipse.jetty.server.Server - Stopped Server@4655c1a5{STOPPING}[10.0.6,sto=0]
2024-04-17 17:50:29,897 [Stop Help Server] INFO  o.e.jetty.server.AbstractConnector - Stopped ServerConnector@55dcd594{HTTP/1.1, (http/1.1)}{127.0.0.1:0}
2024-04-17 17:50:29,901 [Stop Help Server] INFO  o.e.j.server.handler.ContextHandler - Stopped o.e.j.s.ServletContextHandler@34929152{/help,null,STOPPED}
2024-04-18 09:03:08,394 [Worker-0: Loading available Gradle versions] INFO  o.e.b.c.i.u.g.PublishedGradleVersions - Gradle version information cache is out-of-date. Trying to update.
2024-04-19 08:56:01,646 [Worker-4: Loading available Gradle versions] INFO  o.e.b.c.i.u.g.PublishedGradleVersions - Gradle version information cache is up-to-date. Trying to read.
2024-04-22 08:56:30,148 [Worker-2: Loading available Gradle versions] INFO  o.e.b.c.i.u.g.PublishedGradleVersions - Gradle version information cache is out-of-date. Trying to update.
2024-04-23 08:59:42,641 [Worker-2: Loading available Gradle versions] INFO  o.e.b.c.i.u.g.PublishedGradleVersions - Gradle version information cache is out-of-date. Trying to update.
2024-04-24 08:58:21,236 [Worker-2: Loading available Gradle versions] INFO  o.e.b.c.i.u.g.PublishedGradleVersions - Gradle version information cache is up-to-date. Trying to read.
2024-04-25 08:58:21,597 [Worker-4: Loading available Gradle versions] INFO  o.e.b.c.i.u.g.PublishedGradleVersions - Gradle version information cache is out-of-date. Trying to update.
2024-04-26 08:57:15,603 [Worker-6: Loading available Gradle versions] INFO  o.e.b.c.i.u.g.PublishedGradleVersions - Gradle version information cache is up-to-date. Trying to read.
2024-04-29 08:59:03,337 [Worker-2: Loading available Gradle versions] INFO  o.e.b.c.i.u.g.PublishedGradleVersions - Gradle version information cache is out-of-date. Trying to update.
2024-04-30 08:55:35,630 [Worker-2: Loading available Gradle versions] INFO  o.e.b.c.i.u.g.PublishedGradleVersions - Gradle version information cache is up-to-date. Trying to read.
2024-05-01 08:40:53,424 [Worker-6: Loading available Gradle versions] INFO  o.e.b.c.i.u.g.PublishedGradleVersions - Gradle version information cache is out-of-date. Trying to update.
2024-05-01 09:06:29,591 [Worker-2: Loading available Gradle versions] INFO  o.e.b.c.i.u.g.PublishedGradleVersions - Gradle version information cache is up-to-date. Trying to read.
